<?xml version="1.0" encoding="UTF-8"?>
<!-- Generated by org.testng.reporters.JUnitReportReporter -->
<testsuite hostname="varsha" failures="0" tests="1" name="testcases.ResultPageProducts" time="57.492" errors="0" timestamp="2023-10-20T23:33:25 IST" skipped="0">
  <testcase classname="testcases.ResultPageProducts" name="cellPhoneAndAcceHandle" time="57.492"/>
</testsuite> <!-- testcases.ResultPageProducts -->
