<?xml version="1.0" encoding="UTF-8"?>
<!-- Generated by org.testng.reporters.JUnitReportReporter -->
<testsuite hostname="varsha" failures="0" tests="1" name="testcases.Homepage" time="15.772" errors="0" timestamp="2023-10-12T14:15:25 IST" skipped="0">
  <testcase classname="testcases.Homepage" name="handleHomePage" time="15.772"/>
</testsuite> <!-- testcases.Homepage -->
