<?xml version="1.0" encoding="UTF-8"?>
<!-- Generated by org.testng.reporters.JUnitReportReporter -->
<testsuite hostname="varsha" failures="0" tests="1" name="testcases.VerifySelectedProduct" time="65.824" errors="0" timestamp="2023-10-14T11:33:18 IST" skipped="0">
  <testcase classname="testcases.VerifySelectedProduct" name="verifyProduct" time="65.824"/>
</testsuite> <!-- testcases.VerifySelectedProduct -->
