<?xml version="1.0" encoding="UTF-8"?>
<!-- Generated by org.testng.reporters.JUnitReportReporter -->
<testsuite hostname="varsha" failures="0" tests="1" name="testcases.CellPhoneAndAccessories" time="20.440" errors="0" timestamp="2023-10-14T14:47:28 IST" skipped="0">
  <testcase classname="testcases.CellPhoneAndAccessories" name="cellPhoneAndAcceHandle" time="20.440"/>
</testsuite> <!-- testcases.CellPhoneAndAccessories -->
