<?xml version="1.0" encoding="UTF-8"?>
<!-- Generated by org.testng.reporters.JUnitReportReporter -->
<testsuite hostname="varsha" failures="0" tests="1" name="testcases.VerifyDetailedProduct" time="156.242" errors="0" timestamp="2023-10-20T23:36:17 IST" skipped="0">
  <testcase classname="testcases.VerifyDetailedProduct" name="verifyProduct" time="156.242"/>
</testsuite> <!-- testcases.VerifyDetailedProduct -->
