<?xml version="1.0" encoding="UTF-8"?>
<!-- Generated by org.testng.reporters.JUnitReportReporter -->
<testsuite hostname="varsha" failures="0" tests="1" name="testcases.CellPhoneAndAccessories" time="18.709" errors="0" timestamp="2023-10-14T11:36:05 IST" skipped="0">
  <testcase classname="testcases.CellPhoneAndAccessories" name="cellPhoneAndAcceHandle" time="18.709"/>
</testsuite> <!-- testcases.CellPhoneAndAccessories -->
